<?xml version="1.0" encoding="UTF-8"?>
<!-- Generated by org.testng.reporters.JUnitReportReporter -->
<testsuite hostname="Datta" name="DemoJenkins.DemoJenkins" tests="1" failures="0" timestamp="19 Jul 2019 15:58:15 GMT" time="109.218" errors="0">
  <testcase name="OpenApplication" time="109.218" classname="DemoJenkins.DemoJenkins"/>
</testsuite> <!-- DemoJenkins.DemoJenkins -->
